<?xml version="1.0" encoding="UTF-8"?>
<coverage generated="1777075310972" clover="3.2.0">
  <project timestamp="1777075310973" name="All files">
    <metrics statements="92" coveredstatements="73" conditionals="10" coveredconditionals="2" methods="19" coveredmethods="17" elements="121" coveredelements="92" complexity="0" loc="92" ncloc="92" packages="3" files="11" classes="11"/>
    <package name="test">
      <metrics statements="17" coveredstatements="17" conditionals="0" coveredconditionals="0" methods="12" coveredmethods="12"/>
      <file name="endpoints.ts" path="/Users/s1dando/projects/mahi/nodejs-2026q1-knowledge-hub1/test/endpoints.ts">
        <metrics statements="17" coveredstatements="17" conditionals="0" coveredconditionals="0" methods="12" coveredmethods="12"/>
        <line num="1" count="8" type="stmt"/>
        <line num="3" count="6" type="stmt"/>
        <line num="5" count="6" type="stmt"/>
        <line num="6" count="12" type="stmt"/>
        <line num="9" count="8" type="stmt"/>
        <line num="11" count="6" type="stmt"/>
        <line num="13" count="5" type="stmt"/>
        <line num="14" count="10" type="stmt"/>
        <line num="17" count="8" type="stmt"/>
        <line num="19" count="8" type="stmt"/>
        <line num="21" count="5" type="stmt"/>
        <line num="22" count="18" type="stmt"/>
        <line num="25" count="8" type="stmt"/>
        <line num="26" count="3" type="stmt"/>
        <line num="27" count="7" type="stmt"/>
        <line num="29" count="8" type="stmt"/>
        <line num="32" count="8" type="stmt"/>
      </file>
    </package>
    <package name="test.lib">
      <metrics statements="15" coveredstatements="14" conditionals="1" coveredconditionals="0" methods="1" coveredmethods="1"/>
      <file name="index.ts" path="/Users/s1dando/projects/mahi/nodejs-2026q1-knowledge-hub1/test/lib/index.ts">
        <metrics statements="2" coveredstatements="2" conditionals="0" coveredconditionals="0" methods="0" coveredmethods="0"/>
        <line num="1" count="8" type="stmt"/>
        <line num="3" count="8" type="stmt"/>
      </file>
      <file name="prisma.ts" path="/Users/s1dando/projects/mahi/nodejs-2026q1-knowledge-hub1/test/lib/prisma.ts">
        <metrics statements="5" coveredstatements="5" conditionals="0" coveredconditionals="0" methods="0" coveredmethods="0"/>
        <line num="1" count="8" type="stmt"/>
        <line num="2" count="8" type="stmt"/>
        <line num="3" count="8" type="stmt"/>
        <line num="5" count="8" type="stmt"/>
        <line num="9" count="8" type="stmt"/>
      </file>
      <file name="request.ts" path="/Users/s1dando/projects/mahi/nodejs-2026q1-knowledge-hub1/test/lib/request.ts">
        <metrics statements="8" coveredstatements="7" conditionals="1" coveredconditionals="0" methods="1" coveredmethods="1"/>
        <line num="1" count="8" type="stmt"/>
        <line num="2" count="8" type="stmt"/>
        <line num="7" count="8" type="stmt"/>
        <line num="11" count="170" type="stmt"/>
        <line num="12" count="170" type="cond" truecount="0" falsecount="1"/>
        <line num="13" count="0" type="stmt"/>
        <line num="17" count="170" type="stmt"/>
        <line num="22" count="8" type="stmt"/>
      </file>
    </package>
    <package name="test.utils">
      <metrics statements="60" coveredstatements="42" conditionals="9" coveredconditionals="2" methods="6" coveredmethods="4"/>
      <file name="getTokenAndUserId.ts" path="/Users/s1dando/projects/mahi/nodejs-2026q1-knowledge-hub1/test/utils/getTokenAndUserId.ts">
        <metrics statements="14" coveredstatements="12" conditionals="2" coveredconditionals="0" methods="1" coveredmethods="1"/>
        <line num="1" count="4" type="stmt"/>
        <line num="2" count="4" type="stmt"/>
        <line num="4" count="4" type="stmt"/>
        <line num="9" count="4" type="stmt"/>
        <line num="13" count="4" type="stmt"/>
        <line num="18" count="4" type="cond" truecount="0" falsecount="1"/>
        <line num="19" count="0" type="stmt"/>
        <line num="23" count="4" type="stmt"/>
        <line num="28" count="4" type="stmt"/>
        <line num="33" count="4" type="cond" truecount="0" falsecount="1"/>
        <line num="34" count="0" type="stmt"/>
        <line num="37" count="4" type="stmt"/>
        <line num="39" count="4" type="stmt"/>
        <line num="48" count="4" type="stmt"/>
      </file>
      <file name="getUserTokenByRole.ts" path="/Users/s1dando/projects/mahi/nodejs-2026q1-knowledge-hub1/test/utils/getUserTokenByRole.ts">
        <metrics statements="17" coveredstatements="4" conditionals="3" coveredconditionals="0" methods="1" coveredmethods="0"/>
        <line num="1" count="4" type="stmt"/>
        <line num="2" count="4" type="stmt"/>
        <line num="4" count="4" type="stmt"/>
        <line num="11" count="0" type="stmt"/>
        <line num="12" count="0" type="stmt"/>
        <line num="15" count="0" type="stmt"/>
        <line num="20" count="0" type="stmt"/>
        <line num="22" count="0" type="cond" truecount="0" falsecount="1"/>
        <line num="23" count="0" type="stmt"/>
        <line num="26" count="0" type="cond" truecount="0" falsecount="1"/>
        <line num="27" count="0" type="stmt"/>
        <line num="31" count="0" type="stmt"/>
        <line num="36" count="0" type="stmt"/>
        <line num="38" count="0" type="cond" truecount="0" falsecount="1"/>
        <line num="39" count="0" type="stmt"/>
        <line num="42" count="0" type="stmt"/>
        <line num="50" count="4" type="stmt"/>
      </file>
      <file name="index.ts" path="/Users/s1dando/projects/mahi/nodejs-2026q1-knowledge-hub1/test/utils/index.ts">
        <metrics statements="10" coveredstatements="10" conditionals="0" coveredconditionals="0" methods="0" coveredmethods="0"/>
        <line num="1" count="4" type="stmt"/>
        <line num="2" count="4" type="stmt"/>
        <line num="3" count="4" type="stmt"/>
        <line num="4" count="4" type="stmt"/>
        <line num="5" count="4" type="stmt"/>
        <line num="8" count="4" type="stmt"/>
        <line num="9" count="4" type="stmt"/>
        <line num="10" count="4" type="stmt"/>
        <line num="11" count="4" type="stmt"/>
        <line num="12" count="4" type="stmt"/>
      </file>
      <file name="promoteUserRole.ts" path="/Users/s1dando/projects/mahi/nodejs-2026q1-knowledge-hub1/test/utils/promoteUserRole.ts">
        <metrics statements="8" coveredstatements="6" conditionals="2" coveredconditionals="1" methods="2" coveredmethods="2"/>
        <line num="1" count="4" type="stmt"/>
        <line num="5" count="4" type="stmt"/>
        <line num="6" count="4" type="cond" truecount="1" falsecount="0"/>
        <line num="7" count="0" type="cond" truecount="0" falsecount="1"/>
        <line num="8" count="0" type="stmt"/>
        <line num="11" count="4" type="stmt"/>
        <line num="12" count="4" type="stmt"/>
        <line num="18" count="4" type="stmt"/>
      </file>
      <file name="removeTokenUser.ts" path="/Users/s1dando/projects/mahi/nodejs-2026q1-knowledge-hub1/test/utils/removeTokenUser.ts">
        <metrics statements="4" coveredstatements="4" conditionals="0" coveredconditionals="0" methods="1" coveredmethods="1"/>
        <line num="1" count="4" type="stmt"/>
        <line num="3" count="4" type="stmt"/>
        <line num="5" count="4" type="stmt"/>
        <line num="8" count="4" type="stmt"/>
      </file>
      <file name="shouldAuthorizationBeTested.ts" path="/Users/s1dando/projects/mahi/nodejs-2026q1-knowledge-hub1/test/utils/shouldAuthorizationBeTested.ts">
        <metrics statements="1" coveredstatements="1" conditionals="0" coveredconditionals="0" methods="0" coveredmethods="0"/>
        <line num="1" count="4" type="stmt"/>
      </file>
      <file name="tokens.ts" path="/Users/s1dando/projects/mahi/nodejs-2026q1-knowledge-hub1/test/utils/tokens.ts">
        <metrics statements="6" coveredstatements="5" conditionals="2" coveredconditionals="1" methods="1" coveredmethods="0"/>
        <line num="1" count="4" type="stmt"/>
        <line num="2" count="4" type="stmt"/>
        <line num="4" count="4" type="cond" truecount="1" falsecount="1"/>
        <line num="6" count="4" type="stmt"/>
        <line num="7" count="0" type="stmt"/>
        <line num="10" count="4" type="stmt"/>
      </file>
    </package>
  </project>
</coverage>
