{"/Users/s1dando/projects/mahi/nodejs-2026q1-knowledge-hub1/test/endpoints.ts": {"path":"/Users/s1dando/projects/mahi/nodejs-2026q1-knowledge-hub1/test/endpoints.ts","statementMap":{"0":{"start":{"line":1,"column":13},"end":{"line":7,"column":2}},"1":{"start":{"line":3,"column":23},"end":{"line":3,"column":40}},"2":{"start":{"line":5,"column":22},"end":{"line":5,"column":39}},"3":{"start":{"line":6,"column":22},"end":{"line":6,"column":39}},"4":{"start":{"line":9,"column":13},"end":{"line":15,"column":2}},"5":{"start":{"line":11,"column":27},"end":{"line":11,"column":52}},"6":{"start":{"line":13,"column":26},"end":{"line":13,"column":51}},"7":{"start":{"line":14,"column":26},"end":{"line":14,"column":51}},"8":{"start":{"line":17,"column":13},"end":{"line":23,"column":2}},"9":{"start":{"line":19,"column":26},"end":{"line":19,"column":49}},"10":{"start":{"line":21,"column":25},"end":{"line":21,"column":48}},"11":{"start":{"line":22,"column":25},"end":{"line":22,"column":48}},"12":{"start":{"line":25,"column":13},"end":{"line":30,"column":2}},"13":{"start":{"line":26,"column":31},"end":{"line":26,"column":64}},"14":{"start":{"line":27,"column":26},"end":{"line":27,"column":49}},"15":{"start":{"line":29,"column":25},"end":{"line":29,"column":48}},"16":{"start":{"line":32,"column":13},"end":{"line":36,"column":2}}},"fnMap":{"0":{"name":"(anonymous_0)","decl":{"start":{"line":3,"column":11},"end":{"line":3,"column":12}},"loc":{"start":{"line":3,"column":23},"end":{"line":3,"column":40}}},"1":{"name":"(anonymous_1)","decl":{"start":{"line":5,"column":10},"end":{"line":5,"column":11}},"loc":{"start":{"line":5,"column":22},"end":{"line":5,"column":39}}},"2":{"name":"(anonymous_2)","decl":{"start":{"line":6,"column":10},"end":{"line":6,"column":11}},"loc":{"start":{"line":6,"column":22},"end":{"line":6,"column":39}}},"3":{"name":"(anonymous_3)","decl":{"start":{"line":11,"column":11},"end":{"line":11,"column":12}},"loc":{"start":{"line":11,"column":27},"end":{"line":11,"column":52}}},"4":{"name":"(anonymous_4)","decl":{"start":{"line":13,"column":10},"end":{"line":13,"column":11}},"loc":{"start":{"line":13,"column":26},"end":{"line":13,"column":51}}},"5":{"name":"(anonymous_5)","decl":{"start":{"line":14,"column":10},"end":{"line":14,"column":11}},"loc":{"start":{"line":14,"column":26},"end":{"line":14,"column":51}}},"6":{"name":"(anonymous_6)","decl":{"start":{"line":19,"column":11},"end":{"line":19,"column":12}},"loc":{"start":{"line":19,"column":26},"end":{"line":19,"column":49}}},"7":{"name":"(anonymous_7)","decl":{"start":{"line":21,"column":10},"end":{"line":21,"column":11}},"loc":{"start":{"line":21,"column":25},"end":{"line":21,"column":48}}},"8":{"name":"(anonymous_8)","decl":{"start":{"line":22,"column":10},"end":{"line":22,"column":11}},"loc":{"start":{"line":22,"column":25},"end":{"line":22,"column":48}}},"9":{"name":"(anonymous_9)","decl":{"start":{"line":26,"column":16},"end":{"line":26,"column":17}},"loc":{"start":{"line":26,"column":31},"end":{"line":26,"column":64}}},"10":{"name":"(anonymous_10)","decl":{"start":{"line":27,"column":11},"end":{"line":27,"column":12}},"loc":{"start":{"line":27,"column":26},"end":{"line":27,"column":49}}},"11":{"name":"(anonymous_11)","decl":{"start":{"line":29,"column":10},"end":{"line":29,"column":11}},"loc":{"start":{"line":29,"column":25},"end":{"line":29,"column":48}}}},"branchMap":{},"s":{"0":8,"1":6,"2":6,"3":12,"4":8,"5":6,"6":5,"7":10,"8":8,"9":8,"10":5,"11":18,"12":8,"13":3,"14":7,"15":8,"16":8},"f":{"0":6,"1":6,"2":12,"3":6,"4":5,"5":10,"6":8,"7":5,"8":18,"9":3,"10":7,"11":8},"b":{}}
,"/Users/s1dando/projects/mahi/nodejs-2026q1-knowledge-hub1/test/lib/index.ts": {"path":"/Users/s1dando/projects/mahi/nodejs-2026q1-knowledge-hub1/test/lib/index.ts","statementMap":{"0":{"start":{"line":1,"column":0},"end":{"line":1,"column":7}},"1":{"start":{"line":3,"column":9},"end":{"line":1,"column":32}}},"fnMap":{},"branchMap":{},"s":{"0":8,"1":8},"f":{},"b":{}}
,"/Users/s1dando/projects/mahi/nodejs-2026q1-knowledge-hub1/test/lib/prisma.ts": {"path":"/Users/s1dando/projects/mahi/nodejs-2026q1-knowledge-hub1/test/lib/prisma.ts","statementMap":{"0":{"start":{"line":1,"column":0},"end":{"line":1,"column":23}},"1":{"start":{"line":2,"column":0},"end":{"line":2,"column":46}},"2":{"start":{"line":3,"column":0},"end":{"line":3,"column":46}},"3":{"start":{"line":5,"column":15},"end":{"line":7,"column":2}},"4":{"start":{"line":9,"column":0},"end":{"line":9,"column":22}}},"fnMap":{},"branchMap":{},"s":{"0":8,"1":8,"2":8,"3":8,"4":8},"f":{},"b":{}}
,"/Users/s1dando/projects/mahi/nodejs-2026q1-knowledge-hub1/test/lib/request.ts": {"path":"/Users/s1dando/projects/mahi/nodejs-2026q1-knowledge-hub1/test/lib/request.ts","statementMap":{"0":{"start":{"line":1,"column":0},"end":{"line":1,"column":37}},"1":{"start":{"line":2,"column":0},"end":{"line":2,"column":23}},"2":{"start":{"line":7,"column":22},"end":{"line":19,"column":null}},"3":{"start":{"line":11,"column":22},"end":{"line":11,"column":47}},"4":{"start":{"line":12,"column":6},"end":{"line":16,"column":7}},"5":{"start":{"line":13,"column":8},"end":{"line":15,"column":10}},"6":{"start":{"line":17,"column":6},"end":{"line":17,"column":44}},"7":{"start":{"line":22,"column":0},"end":{"line":22,"column":24}}},"fnMap":{"0":{"name":"(anonymous_0)","decl":{"start":{"line":10,"column":4},"end":{"line":10,"column":7}},"loc":{"start":{"line":10,"column":21},"end":{"line":18,"column":5}}}},"branchMap":{"0":{"loc":{"start":{"line":12,"column":6},"end":{"line":16,"column":7}},"type":"if","locations":[{"start":{"line":12,"column":6},"end":{"line":16,"column":7}}]}},"s":{"0":8,"1":8,"2":8,"3":170,"4":170,"5":0,"6":170,"7":8},"f":{"0":170},"b":{"0":[0]}}
,"/Users/s1dando/projects/mahi/nodejs-2026q1-knowledge-hub1/test/utils/getTokenAndUserId.ts": {"path":"/Users/s1dando/projects/mahi/nodejs-2026q1-knowledge-hub1/test/utils/getTokenAndUserId.ts","statementMap":{"0":{"start":{"line":1,"column":0},"end":{"line":1,"column":42}},"1":{"start":{"line":2,"column":0},"end":{"line":2,"column":48}},"2":{"start":{"line":4,"column":22},"end":{"line":7,"column":2}},"3":{"start":{"line":9,"column":26},"end":{"line":46,"column":1}},"4":{"start":{"line":13,"column":6},"end":{"line":16,"column":24}},"5":{"start":{"line":18,"column":2},"end":{"line":20,"column":3}},"6":{"start":{"line":19,"column":4},"end":{"line":19,"column":56}},"7":{"start":{"line":23,"column":2},"end":{"line":23,"column":45}},"8":{"start":{"line":28,"column":6},"end":{"line":31,"column":24}},"9":{"start":{"line":33,"column":2},"end":{"line":35,"column":3}},"10":{"start":{"line":34,"column":4},"end":{"line":34,"column":56}},"11":{"start":{"line":37,"column":16},"end":{"line":37,"column":39}},"12":{"start":{"line":39,"column":2},"end":{"line":45,"column":4}},"13":{"start":{"line":48,"column":0},"end":{"line":48,"column":33}}},"fnMap":{"0":{"name":"(anonymous_0)","decl":{"start":{"line":9,"column":26},"end":{"line":9,"column":31}},"loc":{"start":{"line":9,"column":44},"end":{"line":46,"column":1}}}},"branchMap":{"0":{"loc":{"start":{"line":18,"column":2},"end":{"line":20,"column":3}},"type":"if","locations":[{"start":{"line":18,"column":2},"end":{"line":20,"column":3}}]},"1":{"loc":{"start":{"line":33,"column":2},"end":{"line":35,"column":3}},"type":"if","locations":[{"start":{"line":33,"column":2},"end":{"line":35,"column":3}}]}},"s":{"0":4,"1":4,"2":4,"3":4,"4":4,"5":4,"6":0,"7":4,"8":4,"9":4,"10":0,"11":4,"12":4,"13":4},"f":{"0":4},"b":{"0":[0],"1":[0]}}
,"/Users/s1dando/projects/mahi/nodejs-2026q1-knowledge-hub1/test/utils/getUserTokenByRole.ts": {"path":"/Users/s1dando/projects/mahi/nodejs-2026q1-knowledge-hub1/test/utils/getUserTokenByRole.ts","statementMap":{"0":{"start":{"line":1,"column":0},"end":{"line":1,"column":42}},"1":{"start":{"line":2,"column":0},"end":{"line":2,"column":48}},"2":{"start":{"line":4,"column":27},"end":{"line":48,"column":1}},"3":{"start":{"line":11,"column":16},"end":{"line":11,"column":63}},"4":{"start":{"line":12,"column":19},"end":{"line":12,"column":33}},"5":{"start":{"line":15,"column":25},"end":{"line":18,"column":30}},"6":{"start":{"line":20,"column":25},"end":{"line":20,"column":44}},"7":{"start":{"line":22,"column":2},"end":{"line":24,"column":3}},"8":{"start":{"line":23,"column":4},"end":{"line":23,"column":53}},"9":{"start":{"line":26,"column":2},"end":{"line":28,"column":3}},"10":{"start":{"line":27,"column":4},"end":{"line":27,"column":40}},"11":{"start":{"line":31,"column":24},"end":{"line":34,"column":30}},"12":{"start":{"line":36,"column":26},"end":{"line":36,"column":44}},"13":{"start":{"line":38,"column":2},"end":{"line":40,"column":3}},"14":{"start":{"line":39,"column":4},"end":{"line":39,"column":55}},"15":{"start":{"line":42,"column":2},"end":{"line":47,"column":4}},"16":{"start":{"line":50,"column":0},"end":{"line":50,"column":34}}},"fnMap":{"0":{"name":"(anonymous_0)","decl":{"start":{"line":4,"column":27},"end":{"line":4,"column":32}},"loc":{"start":{"line":10,"column":4},"end":{"line":48,"column":1}}}},"branchMap":{"0":{"loc":{"start":{"line":22,"column":2},"end":{"line":24,"column":3}},"type":"if","locations":[{"start":{"line":22,"column":2},"end":{"line":24,"column":3}}]},"1":{"loc":{"start":{"line":26,"column":2},"end":{"line":28,"column":3}},"type":"if","locations":[{"start":{"line":26,"column":2},"end":{"line":28,"column":3}}]},"2":{"loc":{"start":{"line":38,"column":2},"end":{"line":40,"column":3}},"type":"if","locations":[{"start":{"line":38,"column":2},"end":{"line":40,"column":3}}]}},"s":{"0":4,"1":4,"2":4,"3":0,"4":0,"5":0,"6":0,"7":0,"8":0,"9":0,"10":0,"11":0,"12":0,"13":0,"14":0,"15":0,"16":4},"f":{"0":0},"b":{"0":[0],"1":[0],"2":[0]}}
,"/Users/s1dando/projects/mahi/nodejs-2026q1-knowledge-hub1/test/utils/index.ts": {"path":"/Users/s1dando/projects/mahi/nodejs-2026q1-knowledge-hub1/test/utils/index.ts","statementMap":{"0":{"start":{"line":1,"column":0},"end":{"line":1,"column":7}},"1":{"start":{"line":8,"column":2},"end":{"line":1,"column":52}},"2":{"start":{"line":2,"column":0},"end":{"line":2,"column":7}},"3":{"start":{"line":9,"column":2},"end":{"line":2,"column":54}},"4":{"start":{"line":3,"column":0},"end":{"line":3,"column":7}},"5":{"start":{"line":11,"column":2},"end":{"line":3,"column":48}},"6":{"start":{"line":4,"column":0},"end":{"line":4,"column":7}},"7":{"start":{"line":10,"column":2},"end":{"line":4,"column":72}},"8":{"start":{"line":5,"column":0},"end":{"line":5,"column":7}},"9":{"start":{"line":12,"column":2},"end":{"line":5,"column":44}}},"fnMap":{},"branchMap":{},"s":{"0":4,"1":4,"2":4,"3":4,"4":4,"5":4,"6":4,"7":4,"8":4,"9":4},"f":{},"b":{}}
,"/Users/s1dando/projects/mahi/nodejs-2026q1-knowledge-hub1/test/utils/promoteUserRole.ts": {"path":"/Users/s1dando/projects/mahi/nodejs-2026q1-knowledge-hub1/test/utils/promoteUserRole.ts","statementMap":{"0":{"start":{"line":1,"column":0},"end":{"line":1,"column":35}},"1":{"start":{"line":5,"column":21},"end":{"line":9,"column":1}},"2":{"start":{"line":6,"column":2},"end":{"line":6,"column":39}},"3":{"start":{"line":6,"column":24},"end":{"line":6,"column":39}},"4":{"start":{"line":7,"column":2},"end":{"line":7,"column":41}},"5":{"start":{"line":7,"column":25},"end":{"line":7,"column":41}},"6":{"start":{"line":8,"column":2},"end":{"line":8,"column":18}},"7":{"start":{"line":11,"column":24},"end":{"line":16,"column":1}},"8":{"start":{"line":12,"column":2},"end":{"line":15,"column":5}},"9":{"start":{"line":18,"column":0},"end":{"line":18,"column":31}}},"fnMap":{"0":{"name":"(anonymous_0)","decl":{"start":{"line":5,"column":21},"end":{"line":5,"column":22}},"loc":{"start":{"line":5,"column":67},"end":{"line":9,"column":1}}},"1":{"name":"(anonymous_1)","decl":{"start":{"line":11,"column":24},"end":{"line":11,"column":29}},"loc":{"start":{"line":11,"column":76},"end":{"line":16,"column":1}}}},"branchMap":{"0":{"loc":{"start":{"line":6,"column":2},"end":{"line":6,"column":39}},"type":"if","locations":[{"start":{"line":6,"column":2},"end":{"line":6,"column":39}}]},"1":{"loc":{"start":{"line":7,"column":2},"end":{"line":7,"column":41}},"type":"if","locations":[{"start":{"line":7,"column":2},"end":{"line":7,"column":41}}]}},"s":{"0":4,"1":4,"2":4,"3":4,"4":0,"5":0,"6":0,"7":4,"8":4,"9":4},"f":{"0":4,"1":4},"b":{"0":[4],"1":[0]}}
,"/Users/s1dando/projects/mahi/nodejs-2026q1-knowledge-hub1/test/utils/removeTokenUser.ts": {"path":"/Users/s1dando/projects/mahi/nodejs-2026q1-knowledge-hub1/test/utils/removeTokenUser.ts","statementMap":{"0":{"start":{"line":1,"column":0},"end":{"line":1,"column":43}},"1":{"start":{"line":3,"column":24},"end":{"line":6,"column":1}},"2":{"start":{"line":5,"column":2},"end":{"line":5,"column":70}},"3":{"start":{"line":8,"column":0},"end":{"line":8,"column":31}}},"fnMap":{"0":{"name":"(anonymous_0)","decl":{"start":{"line":3,"column":24},"end":{"line":3,"column":29}},"loc":{"start":{"line":3,"column":65},"end":{"line":6,"column":1}}}},"branchMap":{},"s":{"0":4,"1":4,"2":4,"3":4},"f":{"0":4},"b":{}}
,"/Users/s1dando/projects/mahi/nodejs-2026q1-knowledge-hub1/test/utils/shouldAuthorizationBeTested.ts": {"path":"/Users/s1dando/projects/mahi/nodejs-2026q1-knowledge-hub1/test/utils/shouldAuthorizationBeTested.ts","statementMap":{"0":{"start":{"line":1,"column":0},"end":{"line":1,"column":48}}},"fnMap":{},"branchMap":{},"s":{"0":4},"f":{},"b":{}}
,"/Users/s1dando/projects/mahi/nodejs-2026q1-knowledge-hub1/test/utils/tokens.ts": {"path":"/Users/s1dando/projects/mahi/nodejs-2026q1-knowledge-hub1/test/utils/tokens.ts","statementMap":{"0":{"start":{"line":1,"column":0},"end":{"line":1,"column":49}},"1":{"start":{"line":2,"column":0},"end":{"line":2,"column":23}},"2":{"start":{"line":4,"column":32},"end":{"line":4,"column":72}},"3":{"start":{"line":6,"column":29},"end":{"line":8,"column":1}},"4":{"start":{"line":7,"column":2},"end":{"line":7,"column":57}},"5":{"start":{"line":10,"column":0},"end":{"line":10,"column":36}}},"fnMap":{"0":{"name":"(anonymous_0)","decl":{"start":{"line":6,"column":29},"end":{"line":6,"column":30}},"loc":{"start":{"line":6,"column":76},"end":{"line":8,"column":1}}}},"branchMap":{"0":{"loc":{"start":{"line":4,"column":32},"end":{"line":4,"column":72}},"type":"binary-expr","locations":[{"start":{"line":4,"column":32},"end":{"line":4,"column":66}},{"start":{"line":4,"column":70},"end":{"line":4,"column":72}}]}},"s":{"0":4,"1":4,"2":4,"3":4,"4":0,"5":4},"f":{"0":0},"b":{"0":[4,0]}}
}
