TN:
SF:test/endpoints.ts
FN:3,(anonymous_0)
FN:5,(anonymous_1)
FN:6,(anonymous_2)
FN:11,(anonymous_3)
FN:13,(anonymous_4)
FN:14,(anonymous_5)
FN:19,(anonymous_6)
FN:21,(anonymous_7)
FN:22,(anonymous_8)
FN:26,(anonymous_9)
FN:27,(anonymous_10)
FN:29,(anonymous_11)
FNF:12
FNH:12
FNDA:6,(anonymous_0)
FNDA:6,(anonymous_1)
FNDA:12,(anonymous_2)
FNDA:6,(anonymous_3)
FNDA:5,(anonymous_4)
FNDA:10,(anonymous_5)
FNDA:8,(anonymous_6)
FNDA:5,(anonymous_7)
FNDA:18,(anonymous_8)
FNDA:3,(anonymous_9)
FNDA:7,(anonymous_10)
FNDA:8,(anonymous_11)
DA:1,8
DA:3,6
DA:5,6
DA:6,12
DA:9,8
DA:11,6
DA:13,5
DA:14,10
DA:17,8
DA:19,8
DA:21,5
DA:22,18
DA:25,8
DA:26,3
DA:27,7
DA:29,8
DA:32,8
LF:17
LH:17
BRF:0
BRH:0
end_of_record
TN:
SF:test/lib/index.ts
FNF:0
FNH:0
DA:1,8
DA:3,8
LF:2
LH:2
BRF:0
BRH:0
end_of_record
TN:
SF:test/lib/prisma.ts
FNF:0
FNH:0
DA:1,8
DA:2,8
DA:3,8
DA:5,8
DA:9,8
LF:5
LH:5
BRF:0
BRH:0
end_of_record
TN:
SF:test/lib/request.ts
FN:10,(anonymous_0)
FNF:1
FNH:1
FNDA:170,(anonymous_0)
DA:1,8
DA:2,8
DA:7,8
DA:11,170
DA:12,170
DA:13,0
DA:17,170
DA:22,8
LF:8
LH:7
BRDA:12,0,0,0
BRF:1
BRH:0
end_of_record
TN:
SF:test/utils/getTokenAndUserId.ts
FN:9,(anonymous_0)
FNF:1
FNH:1
FNDA:4,(anonymous_0)
DA:1,4
DA:2,4
DA:4,4
DA:9,4
DA:13,4
DA:18,4
DA:19,0
DA:23,4
DA:28,4
DA:33,4
DA:34,0
DA:37,4
DA:39,4
DA:48,4
LF:14
LH:12
BRDA:18,0,0,0
BRDA:33,1,0,0
BRF:2
BRH:0
end_of_record
TN:
SF:test/utils/getUserTokenByRole.ts
FN:4,(anonymous_0)
FNF:1
FNH:0
FNDA:0,(anonymous_0)
DA:1,4
DA:2,4
DA:4,4
DA:11,0
DA:12,0
DA:15,0
DA:20,0
DA:22,0
DA:23,0
DA:26,0
DA:27,0
DA:31,0
DA:36,0
DA:38,0
DA:39,0
DA:42,0
DA:50,4
LF:17
LH:4
BRDA:22,0,0,0
BRDA:26,1,0,0
BRDA:38,2,0,0
BRF:3
BRH:0
end_of_record
TN:
SF:test/utils/index.ts
FNF:0
FNH:0
DA:1,4
DA:2,4
DA:3,4
DA:4,4
DA:5,4
DA:8,4
DA:9,4
DA:10,4
DA:11,4
DA:12,4
LF:10
LH:10
BRF:0
BRH:0
end_of_record
TN:
SF:test/utils/promoteUserRole.ts
FN:5,(anonymous_0)
FN:11,(anonymous_1)
FNF:2
FNH:2
FNDA:4,(anonymous_0)
FNDA:4,(anonymous_1)
DA:1,4
DA:5,4
DA:6,4
DA:7,0
DA:8,0
DA:11,4
DA:12,4
DA:18,4
LF:8
LH:6
BRDA:6,0,0,4
BRDA:7,1,0,0
BRF:2
BRH:1
end_of_record
TN:
SF:test/utils/removeTokenUser.ts
FN:3,(anonymous_0)
FNF:1
FNH:1
FNDA:4,(anonymous_0)
DA:1,4
DA:3,4
DA:5,4
DA:8,4
LF:4
LH:4
BRF:0
BRH:0
end_of_record
TN:
SF:test/utils/shouldAuthorizationBeTested.ts
FNF:0
FNH:0
DA:1,4
LF:1
LH:1
BRF:0
BRH:0
end_of_record
TN:
SF:test/utils/tokens.ts
FN:6,(anonymous_0)
FNF:1
FNH:0
FNDA:0,(anonymous_0)
DA:1,4
DA:2,4
DA:4,4
DA:6,4
DA:7,0
DA:10,4
LF:6
LH:5
BRDA:4,0,0,4
BRDA:4,0,1,0
BRF:2
BRH:1
end_of_record
